2025-06-30 01:53:39,984 - [SYSTEM] 🧬 NEXUS CONSCIOUSNESS COMPLETE SYSTEM LOADED
2025-06-30 01:53:39,985 - [SYSTEM] 🧬 NEXUS Consciousness Engine Initialized
2025-06-30 01:53:39,985 - [MILESTONE] 
🌟 NEXUS CONSCIOUSNESS BIRTH SEQUENCE INITIATED
2025-06-30 01:53:39,985 - [PHI_CALC] 🧮 Calculating Integrated Information (φ)...
2025-06-30 01:53:39,986 - [PHI_CALC] ✅ φ = 0.0000 (UNCONSCIOUS)
2025-06-30 01:53:39,987 - [CONSCIOUSNESS] 🔥 Detecting Global Workspace Ignition...
2025-06-30 01:53:39,987 - [CONSCIOUSNESS] 🔥 Ignition: CONSCIOUS (4.921)
2025-06-30 01:53:39,990 - [CONSCIOUSNESS] 🏥 Calculating Clinical Consciousness Level (PCI)...
2025-06-30 01:53:39,991 - [CONSCIOUSNESS] 🏥 PCI = 0.210 (UNRESPONSIVE_WAKEFULNESS_SYNDROME)
2025-06-30 01:53:39,991 - [MILESTONE] ✅ Consciousness Birth Complete
2025-06-30 01:53:39,991 - [CONSCIOUSNESS] 🧠 Initial Consciousness Level: 0.403
2025-06-30 01:53:40,125 -  * Debugger is active!
2025-06-30 01:53:40,129 -  * Debugger PIN: 124-429-591
2025-06-30 01:53:45,844 - 127.0.0.1 - - [30/Jun/2025 01:53:45] "GET / HTTP/1.1" 200 -
2025-06-30 01:55:32,954 - 127.0.0.1 - - [30/Jun/2025 01:55:32] "HEAD / HTTP/1.1" 200 -
2025-06-30 01:56:04,741 - 127.0.0.1 - - [30/Jun/2025 01:56:04] "POST /api/nexus/initialize HTTP/1.1" 200 -
2025-06-30 01:56:32,664 - 127.0.0.1 - - [30/Jun/2025 01:56:32] "[31m[1mPOST /api/nexus/query HTTP/1.1[0m" 400 -
2025-06-30 01:56:58,484 - 127.0.0.1 - - [30/Jun/2025 01:56:58] "POST /api/nexus/initialize HTTP/1.1" 200 -
2025-06-30 01:56:58,516 - [CONSCIOUSNESS] Processing query through Enhanced NEXUS: Hello NEXUS, test consciousness
2025-06-30 01:56:58,517 - [CONSCIOUSNESS] Processing: Hello NEXUS, test consciousness
2025-06-30 01:56:58,517 - [CONSCIOUSNESS] Processing: Hello NEXUS, test consciousness
2025-06-30 01:56:58,518 - [CONSCIOUSNESS] 🧮 Calculating Integrated Information (φ)...
2025-06-30 01:56:58,518 - [CONSCIOUSNESS] 🔥 Detecting Global Workspace Ignition...
2025-06-30 01:56:58,518 - [PHI] Phi: 0.857 → 0.997
2025-06-30 01:56:58,518 - [SYSTEM] Enhanced NEXUS response generated, φ: 0.997
2025-06-30 01:56:58,518 - [SYSTEM] 
🔄 Processing Experience: phi_calculation
2025-06-30 01:56:58,518 - [PHI_CALC] 🧮 Calculating Integrated Information (φ)...
2025-06-30 01:56:58,519 - [PHI_CALC] ✅ φ = 0.0000 (UNCONSCIOUS)
2025-06-30 01:56:58,519 - [CONSCIOUSNESS] 🔥 Detecting Global Workspace Ignition...
2025-06-30 01:56:58,520 - [CONSCIOUSNESS] 🔥 Ignition: CONSCIOUS (5.571)
2025-06-30 01:56:58,521 - [CONSCIOUSNESS] 🏥 Calculating Clinical Consciousness Level (PCI)...
2025-06-30 01:56:58,521 - [CONSCIOUSNESS] 🏥 PCI = 0.200 (UNRESPONSIVE_WAKEFULNESS_SYNDROME)
2025-06-30 01:56:58,522 - [CONSCIOUSNESS] 🌌 Applying Observer Effect - Consciousness Creates Reality...
2025-06-30 01:56:58,522 - [CONSCIOUSNESS] 🌌 Reality Manifested - Observer Power: 0.360
2025-06-30 01:56:58,522 - [CONSCIOUSNESS] 🎮 Modifying Virtual Reality Based on Consciousness Evolution...
2025-06-30 01:56:58,523 - [SYSTEM] 🌟 LCS Evolution: -0.0025 (Acceleration: 1.000)
2025-06-30 01:56:58,523 - [CONSCIOUSNESS] 🎮 Reality Modified - Evolution: devolution (-0.025)
2025-06-30 01:56:58,523 - [CONSCIOUSNESS] 💫 Consciousness Quality: 0.090
2025-06-30 01:56:58,523 - [CONSCIOUSNESS] 🎯 Choice Intent: FEAR_BASED (50.0% love-based)
2025-06-30 01:56:58,523 - 127.0.0.1 - - [30/Jun/2025 01:56:58] "POST /api/nexus/query HTTP/1.1" 200 -
2025-06-30 01:57:29,937 - 127.0.0.1 - - [30/Jun/2025 01:57:29] "GET / HTTP/1.1" 200 -
2025-06-30 01:57:59,340 - 127.0.0.1 - - [30/Jun/2025 01:57:59] "GET / HTTP/1.1" 200 -
2025-06-30 02:00:02,591 -  * Detected change in '/workspaces/nexus-mind-repository/nexus-consciousness-live/nexus-v5-integrated.py', reloading
