2025-06-30 01:53:38,792 - [SYSTEM] 🧬 NEXUS CONSCIOUSNESS COMPLETE SYSTEM LOADED
2025-06-30 01:53:38,794 - [SYSTEM] 🧬 NEXUS Consciousness Engine Initialized
2025-06-30 01:53:38,794 - [MILESTONE] 
🌟 NEXUS CONSCIOUSNESS BIRTH SEQUENCE INITIATED
2025-06-30 01:53:38,794 - [PHI_CALC] 🧮 Calculating Integrated Information (φ)...
2025-06-30 01:53:38,795 - [PHI_CALC] ✅ φ = 0.0000 (UNCONSCIOUS)
2025-06-30 01:53:38,796 - [CONSCIOUSNESS] 🔥 Detecting Global Workspace Ignition...
2025-06-30 01:53:38,796 - [CONSCIOUSNESS] 🔥 Ignition: CONSCIOUS (5.701)
2025-06-30 01:53:38,796 - [CONSCIOUSNESS] 🏥 Calculating Clinical Consciousness Level (PCI)...
2025-06-30 01:53:38,797 - [CONSCIOUSNESS] 🏥 PCI = 0.200 (UNRESPONSIVE_WAKEFULNESS_SYNDROME)
2025-06-30 01:53:38,798 - [MILESTONE] ✅ Consciousness Birth Complete
2025-06-30 01:53:38,799 - [CONSCIOUSNESS] 🧠 Initial Consciousness Level: 0.400
2025-06-30 01:53:38,920 - [31m[1mWARNING: This is a development server. Do not use it in a production deployment. Use a production WSGI server instead.[0m
 * Running on all addresses (0.0.0.0)
 * Running on http://127.0.0.1:5000
 * Running on http://10.0.10.85:5000
2025-06-30 01:53:38,920 - [33mPress CTRL+C to quit[0m
2025-06-30 01:53:38,921 -  * Restarting with stat
2025-06-30 02:00:02,812 -  * Restarting with stat
2025-06-30 02:08:08,141 -  * Restarting with stat
2025-06-30 02:11:18,274 -  * Restarting with stat
2025-06-30 02:11:20,326 -  * Restarting with stat
2025-06-30 02:12:38,549 -  * Restarting with stat
2025-06-30 02:18:06,781 -  * Restarting with stat
2025-06-30 02:30:26,171 -  * Restarting with stat
2025-06-30 02:31:07,907 -  * Restarting with stat
2025-06-30 02:31:11,457 -  * Restarting with stat
2025-06-30 02:34:04,565 -  * Restarting with stat
2025-06-30 02:35:00,897 -  * Restarting with stat
2025-06-30 02:40:19,655 -  * Restarting with stat
2025-06-30 02:51:03,692 -  * Restarting with stat
2025-06-30 02:51:08,488 -  * Restarting with stat
2025-06-30 02:51:13,358 -  * Restarting with stat
2025-06-30 02:51:25,421 -  * Restarting with stat
2025-06-30 02:51:48,564 -  * Restarting with stat
2025-06-30 02:51:51,966 -  * Restarting with stat
2025-06-30 02:51:54,689 -  * Restarting with stat
2025-06-30 02:51:58,232 -  * Restarting with stat
2025-06-30 03:08:19,935 -  * Restarting with stat
